2025-11-16 15:04:04, MOVE, v:1, k:poo@pula-pula, mode:PICK
2025-11-16 15:04:05, EXEC, v:1, k:poo@pula-pula, mode:FULL, rate:0
2025-11-16 15:04:05, MOVE, v:1, k:poo@pula-pula, mode:BACK
2025-11-16 15:21:56, MOVE, v:1, k:poo@pula-pula, mode:PICK
2025-11-16 15:21:58, EXEC, v:1, k:poo@pula-pula, mode:FULL, rate:0, size:33
2025-11-16 15:22:01, MOVE, v:1, k:poo@pula-pula, mode:BACK
2025-11-16 15:30:17, MOVE, v:1, k:poo@pula-pula, mode:PICK
2025-11-16 15:30:18, EXEC, v:1, k:poo@pula-pula, mode:FULL, rate:0, size:41
2025-11-16 15:30:18, MOVE, v:1, k:poo@pula-pula, mode:BACK
2025-11-16 15:38:29, MOVE, v:1, k:poo@pula-pula, mode:PICK
2025-11-16 15:38:30, EXEC, v:1, k:poo@pula-pula, mode:FULL, rate:0
2025-11-16 15:38:32, MOVE, v:1, k:poo@pula-pula, mode:BACK
2025-11-16 15:46:50, MOVE, v:1, k:poo@pula-pula, mode:PICK
2025-11-16 15:46:51, EXEC, v:1, k:poo@pula-pula, mode:FULL, rate:0, size:53
2025-11-16 15:46:52, MOVE, v:1, k:poo@pula-pula, mode:BACK
2025-11-16 15:47:48, MOVE, v:1, k:poo@pula-pula, mode:PICK
2025-11-16 15:49:44, EXEC, v:1, k:poo@pula-pula, mode:FULL, rate:0, size:64
2025-11-16 15:50:34, MOVE, v:1, k:poo@pula-pula, mode:BACK
2025-11-16 15:50:36, MOVE, v:1, k:poo@pula-pula, mode:PICK
2025-11-16 15:50:36, EXEC, v:1, k:poo@pula-pula, mode:FREE
2025-11-16 15:50:43, EXEC, v:1, k:poo@pula-pula, mode:FULL, rate:0
2025-11-16 15:52:14, EXEC, v:1, k:poo@pula-pula, mode:FULL, rate:0, size:68
2025-11-16 15:52:15, EXEC, v:1, k:poo@pula-pula, mode:FULL, rate:0
2025-11-16 15:52:16, EXEC, v:1, k:poo@pula-pula, mode:FULL, rate:0
2025-11-16 15:52:16, EXEC, v:1, k:poo@pula-pula, mode:FULL, rate:0
2025-11-16 15:52:16, EXEC, v:1, k:poo@pula-pula, mode:FULL, rate:0
2025-11-16 15:52:17, EXEC, v:1, k:poo@pula-pula, mode:FULL, rate:0
2025-11-16 15:52:17, EXEC, v:1, k:poo@pula-pula, mode:FULL, rate:0
2025-11-16 15:52:17, EXEC, v:1, k:poo@pula-pula, mode:FULL, rate:0
2025-11-16 15:53:13, EXEC, v:1, k:poo@pula-pula, mode:FULL, rate:0, size:68
2025-11-16 15:53:14, EXEC, v:1, k:poo@pula-pula, mode:FULL, rate:0
2025-11-16 15:53:14, EXEC, v:1, k:poo@pula-pula, mode:FULL, rate:0
2025-11-16 15:53:15, EXEC, v:1, k:poo@pula-pula, mode:FULL, rate:0
2025-11-16 15:53:15, EXEC, v:1, k:poo@pula-pula, mode:FULL, rate:0
2025-11-16 15:53:23, EXEC, v:1, k:poo@pula-pula, mode:FULL, rate:0, size:68
2025-11-16 15:54:46, EXEC, v:1, k:poo@pula-pula, mode:FULL, rate:20, size:68
2025-11-16 15:55:56, EXEC, v:1, k:poo@pula-pula, mode:FULL, rate:10, size:70
2025-11-16 15:55:58, EXEC, v:1, k:poo@pula-pula, mode:FULL, rate:10
2025-11-16 15:56:23, EXEC, v:1, k:poo@pula-pula, mode:FULL, rate:50, size:70
2025-11-16 15:57:04, EXEC, v:1, k:poo@pula-pula, mode:FULL, rate:50, size:72
2025-11-16 15:58:29, EXEC, v:1, k:poo@pula-pula, mode:FULL, rate:60, size:72
2025-11-16 16:01:15, EXEC, v:1, k:poo@pula-pula, mode:FULL, rate:60, size:77
2025-11-16 16:02:09, EXEC, v:1, k:poo@pula-pula, mode:FULL, rate:60, size:77
2025-11-16 16:03:10, EXEC, v:1, k:poo@pula-pula, mode:FULL, rate:70, size:77
2025-11-16 16:03:31, EXEC, v:1, k:poo@pula-pula, mode:FULL, rate:70
2025-11-16 16:05:14, EXEC, v:1, k:poo@pula-pula, mode:FULL, rate:100, size:78
2025-11-16 16:05:20, MOVE, v:1, k:poo@pula-pula, mode:BACK
2025-11-16 16:05:35, MOVE, v:1, k:poo@pula-pula, mode:PICK
2025-11-16 16:05:35, MOVE, v:1, k:poo@pula-pula, mode:BACK
2025-11-16 16:09:17, MOVE, v:1, k:poo@cinema, mode:DOWN
2025-11-16 16:15:23, MOVE, v:1, k:poo@cinema, mode:PICK
2025-11-16 16:15:24, EXEC, v:1, k:poo@cinema, mode:FULL, rate:0, size:19
2025-11-16 16:15:25, MOVE, v:1, k:poo@cinema, mode:BACK
